{"name": "test_nine", "status": "failed", "statusDetails": {"message": "AssertionError: assert (9 + 9) == 12", "trace": "def test_nine():\n>       assert 9 + 9 == 12\nE       assert (9 + 9) == 12\n\nhomework\\elena_rybina\\homework20\\test_task_20_1.py:34: AssertionError"}, "start": 1672102216259, "stop": 1672102216259, "uuid": "86b2cedf-96f6-41b9-b40f-22b28544cb5d", "historyId": "e25e7271e9e7710a9ad44db921251b66", "testCaseId": "51c083ea79ed364868acdd9cac4300b5", "fullName": "homework.elena_rybina.homework20.test_task_20_1#test_nine", "labels": [{"name": "parentSuite", "value": "homework.elena_rybina.homework20"}, {"name": "suite", "value": "test_task_20_1"}, {"name": "host", "value": "DESKTOP-IC38M2K"}, {"name": "thread", "value": "25588-MainThread"}, {"name": "framework", "value": "pytest"}, {"name": "language", "value": "cpython3"}, {"name": "package", "value": "homework.elena_rybina.homework20.test_task_20_1"}]}