{"name": "test_names[Anton]", "status": "failed", "statusDetails": {"message": "AssertionError: assert 'Anton' == 'Elena'\n  - Elena\n  + Anton", "trace": "name = 'Anton'\n\n    @pytest.mark.parametrize('name', NAMES)\n    def test_names(name):\n>       assert name == 'Elena'\nE       AssertionError: assert 'Anton' == 'Elena'\nE         - Elena\nE         + Anton\n\nhomework\\elena_rybina\\homework20\\test_task_20_6.py:9: AssertionError"}, "parameters": [{"name": "name", "value": "'Anton'"}], "start": 1672102216629, "stop": 1672102216660, "uuid": "172d2c2d-ece5-4ab8-8805-d0510103c914", "historyId": "2abc1b2d9725c3b7bbc6909ff2ae61fd", "testCaseId": "f269696af9a1fcfff2463c061126b017", "fullName": "homework.elena_rybina.homework20.test_task_20_6#test_names", "labels": [{"name": "parentSuite", "value": "homework.elena_rybina.homework20"}, {"name": "suite", "value": "test_task_20_6"}, {"name": "host", "value": "DESKTOP-IC38M2K"}, {"name": "thread", "value": "25588-MainThread"}, {"name": "framework", "value": "pytest"}, {"name": "language", "value": "cpython3"}, {"name": "package", "value": "homework.elena_rybina.homework20.test_task_20_6"}]}